
==============================
1. SYSTEM INFO
==============================

Linux cursor 6.12.8+ #11 SMP PREEMPT_DYNAMIC Sun Jul  6 04:56:39 UTC 2025 x86_64 x86_64 x86_64 GNU/Linux
Hostname: cursor
Date: Sat Jul 26 03:00:30 AM UTC 2025

==============================
2. APACHE STATUS & CONFIGURATION
==============================

Apache is not installed.

==============================
3. PHP STATUS
==============================

PHP is not installed.

==============================
4. DATABASE CONNECTION TEST
==============================

./debug_everything.sh: line 46: php: command not found
Database connection failed.

==============================
5. PERMISSIONS CHECK
==============================

ls: cannot access '/var/www/html/slms': No such file or directory
