Docker-based Development Cycle Summary Report
Generated: nie, 20 lip 2025, 23:23:27 CEST
==============================================

Phase 1 - READ:
- Syntax check completed in Docker container
- File structure verified

Phase 2 - RUN:
- Test suite executed in Docker container
- Performance benchmark completed
- System health checked

Phase 3 - DEBUG:
- Debug system executed in Docker container
- Error logs reviewed

Phase 4 - IMPROVE:
- PHP extensions analyzed
- OPcache status checked

Phase 5 - REPEAT:
- Summary report generated
- Ready for next iteration

Files generated:
- logs/syntax_check.log
- logs/test_suite.log
- logs/performance_benchmark.log
- logs/system_health.log
- logs/debug_system.log
- logs/php_extensions.log
- logs/opcache_status.log
