-rwxrwxrwx 1 sarna sarna 50522 07-20 04:04 admin_menu.php
-rw-rw-r-- 1 sarna sarna  2392 07-20 06:23 auth_status.php
-rw-rw-r-- 1 sarna sarna 14113 07-20 01:11 comprehensive_optimization.php
-rwxrwxrwx 1 sarna sarna 10481 07-20 00:43 comprehensive_test.php
-rw-rw-r-- 1 sarna sarna  2248 07-20 01:09 config.example.php
-rw-rw-r-- 1 sarna sarna  8009 07-20 06:34 config_optimized.php
-rwxrwxrwx 1 sarna sarna  2233 07-20 02:36 config.php
-rwxrwxrwx 1 sarna sarna     0 07-19 22:09 create_hierarchical_menu.php
-rwxrwxrwx 1 sarna sarna  2063 07-19 22:09 create_missing_snmp_tables.php
-rwxrwxrwx 1 sarna sarna   627 07-19 22:09 create_snmp_graph_table.php
-rwxrwxrwx 1 sarna sarna  7085 07-19 22:09 cron_poll_interfaces.php
-rw-rw-r-- 1 sarna sarna  7111 07-20 02:48 debug_cacti_integration.php
-rwxrwxrwx 1 sarna sarna     1 07-20 00:30 debug_librenms_complete.php
-rw-rw-r-- 1 sarna sarna 10432 07-20 01:11 debug_optimization_tool.php
-rw-rw-r-- 1 sarna sarna  7500 07-20 03:01 debug_system.php
-rw-rw-r-- 1 sarna sarna  1747 07-20 06:18 enable_auth.php
-rw-rw-r-- 1 sarna sarna 11385 07-20 01:11 error_monitor.php
-rwxrwxrwx 1 sarna sarna     1 07-20 00:30 final_debug_report.php
-rw-rw-r-- 1 sarna sarna  9937 07-20 06:54 final_performance_test.php
-rw-rw-r-- 1 sarna sarna  5452 07-20 01:21 fix_layout_system.php
-rwxrwxrwx 1 sarna sarna  5155 07-20 04:04 index.php
-rwxrwxrwx 1 sarna sarna     1 07-20 00:30 librenms_status_report.php
-rwxrwxrwx 1 sarna sarna 23642 07-19 22:09 lms_db_init.php
-rw-rw-r-- 1 sarna sarna 15843 07-20 06:37 optimized_performance.php
-rw-rw-r-- 1 sarna sarna 12235 07-20 23:13 performance_benchmark.php
-rw-rw-r-- 1 sarna sarna 11767 07-20 01:11 performance_optimizer.php
-rw-rw-r-- 1 sarna sarna    17 07-20 09:25 phpinfo.php
-rw-rw-r-- 1 sarna sarna  4098 07-20 06:13 reset_credentials.php
-rw-rw-r-- 1 sarna sarna  1880 07-20 06:24 restore_auth.php
-rw-rw-r-- 1 sarna sarna 11709 07-20 01:11 run_optimization.php
-rw-rw-r-- 1 sarna sarna  8788 07-20 02:08 setup_access_level_tables.php
-rw-rw-r-- 1 sarna sarna  7372 07-20 05:06 setup_apache_slms.php
-rw-rw-r-- 1 sarna sarna  8805 07-20 01:31 setup_default_credentials.php
-rwxrwxrwx 1 sarna sarna     1 07-20 00:30 setup_librenms.php
-rw-rw-r-- 1 sarna sarna   154 07-20 10:39 simple_test.php
-rwxrwxrwx 1 sarna sarna     1 07-20 00:30 snmp_analysis_report.php
-rwxrwxrwx 1 sarna sarna  4473 07-19 22:09 sql_console.php
-rw-rw-r-- 1 sarna sarna 16258 07-20 01:11 system_health_checker.php
-rw-rw-r-- 1 sarna sarna  1834 07-20 02:50 test_cacti_mock.php
-rwxrwxrwx 1 sarna sarna  3017 07-19 22:09 test_device_connectivity.php
-rwxrwxrwx 1 sarna sarna   880 07-19 22:09 test_device_query.php
-rwxrwxrwx 1 sarna sarna     1 07-20 00:30 test_librenms_integration.php
-rwxrwxrwx 1 sarna sarna  4329 07-19 22:09 test_mndp_enhanced.php
-rw-rw-r-- 1 sarna sarna  2768 07-20 06:52 test_opcache_detailed.php
-rw-rw-r-- 1 sarna sarna 10483 07-20 06:47 test_opcache_system.php
-rw-rw-r-- 1 sarna sarna 11639 07-20 06:36 test_performance.php
-rw-rw-r-- 1 sarna sarna 11942 07-20 05:28 test.php
-rwxrwxrwx 1 sarna sarna     1 07-20 00:30 test_simple_librenms.php
-rw-rw-r-- 1 sarna sarna  6946 07-20 06:53 test_simple_opcache.php
-rwxrwxrwx 1 sarna sarna  4129 07-19 22:09 test_snmp_functions.php
-rwxrwxrwx 1 sarna sarna  6941 07-19 22:09 test_snmp_graphing_system.php
-rwxrwxrwx 1 sarna sarna  3300 07-19 22:09 test_snmp_mndp_system.php
-rw-rw-r-- 1 sarna sarna 12152 07-20 23:12 test_suite.php
-rw-rw-r-- 1 sarna sarna   138 07-20 05:42 test_web.php
-rwxrwxrwx 1 sarna sarna  1255 07-19 22:09 test_web_query.php
-rw-rw-r-- 1 sarna sarna  2193 07-20 03:25 test_xdebug_web.php
