No syntax errors detected in /var/www/html/lms_db_init.php
No syntax errors detected in /var/www/html/modules/invoices.php
No syntax errors detected in /var/www/html/modules/check_auth.php
No syntax errors detected in /var/www/html/modules/theme_compositor.php
No syntax errors detected in /var/www/html/modules/modules/config.php
No syntax errors detected in /var/www/html/modules/tariffs.php
No syntax errors detected in /var/www/html/modules/simple_check.php
No syntax errors detected in /var/www/html/modules/discover_snmp_mndp.php
No syntax errors detected in /var/www/html/modules/devices.php
No syntax errors detected in /var/www/html/modules/edit_service.php
No syntax errors detected in /var/www/html/modules/system_status.php
No syntax errors detected in /var/www/html/modules/add_payment.php
No syntax errors detected in /var/www/html/modules/menu_editor.php
No syntax errors detected in /var/www/html/modules/config_script.php
No syntax errors detected in /var/www/html/modules/table_example.php
No syntax errors detected in /var/www/html/modules/profile.php
No syntax errors detected in /var/www/html/modules/frame_layout.php
No syntax errors detected in /var/www/html/modules/activity_log.php
No syntax errors detected in /var/www/html/modules/network_monitoring_api.php
No syntax errors detected in /var/www/html/modules/client_devices.php
No syntax errors detected in /var/www/html/modules/edit_tariff.php
No syntax errors detected in /var/www/html/modules/user_management.php
No syntax errors detected in /var/www/html/modules/advanced_graphing.php
No syntax errors detected in /var/www/html/modules/mndp_monitor.php
No syntax errors detected in /var/www/html/modules/edit_tv_package.php
No syntax errors detected in /var/www/html/modules/edit_client.php
No syntax errors detected in /var/www/html/modules/cacti_integration.php
No syntax errors detected in /var/www/html/modules/edit_device.php
No syntax errors detected in /var/www/html/modules/add_network.php
No syntax errors detected in /var/www/html/modules/error_404.php
No syntax errors detected in /var/www/html/modules/menu_preview.php
No syntax errors detected in /var/www/html/modules/users.php
No syntax errors detected in /var/www/html/modules/snmp_oid_helper.php
No syntax errors detected in /var/www/html/modules/error_500.php
No syntax errors detected in /var/www/html/modules/payments.php
No syntax errors detected in /var/www/html/modules/tooltip_data.php
No syntax errors detected in /var/www/html/modules/helpers/auth_helper.php
No syntax errors detected in /var/www/html/modules/helpers/layout_helper.php
No syntax errors detected in /var/www/html/modules/helpers/database_helper.php
No syntax errors detected in /var/www/html/modules/helpers/column_helper.php
No syntax errors detected in /var/www/html/modules/run_all_scripts.php
No syntax errors detected in /var/www/html/modules/interface_monitoring.php
No syntax errors detected in /var/www/html/modules/add_tariff.php
No syntax errors detected in /var/www/html/modules/skeleton_devices.php
No syntax errors detected in /var/www/html/modules/dashboard_preview.php
No syntax errors detected in /var/www/html/modules/add_skeleton_device.php
No syntax errors detected in /var/www/html/modules/internet_packages.php
No syntax errors detected in /var/www/html/modules/frame_navbar.php
No syntax errors detected in /var/www/html/modules/update_client_structure.php
No syntax errors detected in /var/www/html/modules/search.php
No syntax errors detected in /var/www/html/modules/add_internet_package.php
No syntax errors detected in /var/www/html/modules/example_with_access_control.php
No syntax errors detected in /var/www/html/modules/setup_auth_tables.php
No syntax errors detected in /var/www/html/modules/user_profile.php
No syntax errors detected in /var/www/html/modules/tv_packages.php
No syntax errors detected in /var/www/html/modules/add_client.php
No syntax errors detected in /var/www/html/modules/services.php
No syntax errors detected in /var/www/html/modules/queue_monitoring.php
No syntax errors detected in /var/www/html/modules/save_reload.php
No syntax errors detected in /var/www/html/modules/access_level_manager.php
No syntax errors detected in /var/www/html/modules/network_monitoring_enhanced.php
No syntax errors detected in /var/www/html/modules/add_device.php
No syntax errors detected in /var/www/html/modules/mndp_enhanced.php
No syntax errors detected in /var/www/html/modules/network_alerts.php
No syntax errors detected in /var/www/html/modules/import_dhcp_networks_improved.php
No syntax errors detected in /var/www/html/modules/networks.php
No syntax errors detected in /var/www/html/modules/mikrotik_api.php
No syntax errors detected in /var/www/html/modules/edit_internet_package.php
No syntax errors detected in /var/www/html/modules/create_column_config_table.php
No syntax errors detected in /var/www/html/modules/frame_top_navbar.php
No syntax errors detected in /var/www/html/modules/test_cacti_integration.php
No syntax errors detected in /var/www/html/modules/snmp_graph.php
No syntax errors detected in /var/www/html/modules/bandwidth_reports.php
No syntax errors detected in /var/www/html/modules/edit_skeleton_device.php
No syntax errors detected in /var/www/html/modules/dashboard_editor.php
No syntax errors detected in /var/www/html/modules/error_403.php
No syntax errors detected in /var/www/html/modules/create_layout_table.php
No syntax errors detected in /var/www/html/modules/config.php
No syntax errors detected in /var/www/html/modules/theme_preview.php
No syntax errors detected in /var/www/html/modules/logout.php
No syntax errors detected in /var/www/html/modules/layout_manager.php
No syntax errors detected in /var/www/html/modules/add_tv_package.php
No syntax errors detected in /var/www/html/modules/add_service.php
No syntax errors detected in /var/www/html/modules/clients.php
No syntax errors detected in /var/www/html/modules/snmp_graph_poll.php
No syntax errors detected in /var/www/html/modules/add_user.php
No syntax errors detected in /var/www/html/modules/add_invoice.php
No syntax errors detected in /var/www/html/modules/content_wrapper.php
No syntax errors detected in /var/www/html/modules/column_config.php
No syntax errors detected in /var/www/html/modules/cacti_device_details.php
No syntax errors detected in /var/www/html/modules/edit_user.php
No syntax errors detected in /var/www/html/modules/check_device.php
No syntax errors detected in /var/www/html/modules/dhcp_clients.php
No syntax errors detected in /var/www/html/modules/import_dhcp_clients_improved.php
No syntax errors detected in /var/www/html/modules/network_monitoring.php
No syntax errors detected in /var/www/html/modules/edit_network.php
No syntax errors detected in /var/www/html/modules/cacti_api.php
No syntax errors detected in /var/www/html/modules/capacity_planning.php
No syntax errors detected in /var/www/html/modules/network_dashboard.php
No syntax errors detected in /var/www/html/modules/login.php
No syntax errors detected in /var/www/html/modules/access_level_permissions.php
No syntax errors detected in /var/www/html/modules/manual.php
No syntax errors detected in /var/www/html/performance_benchmark.php
No syntax errors detected in /var/www/html/partials/layout.php
No syntax errors detected in /var/www/html/partials/navbar.php
No syntax errors detected in /var/www/html/debug_librenms_complete.php
No syntax errors detected in /var/www/html/setup_default_credentials.php
No syntax errors detected in /var/www/html/phpinfo.php
No syntax errors detected in /var/www/html/comprehensive_optimization.php
No syntax errors detected in /var/www/html/performance_optimizer.php
No syntax errors detected in /var/www/html/final_debug_report.php
No syntax errors detected in /var/www/html/test_simple_opcache.php
No syntax errors detected in /var/www/html/test_device_connectivity.php
No syntax errors detected in /var/www/html/error_monitor.php
No syntax errors detected in /var/www/html/sql_console.php
No syntax errors detected in /var/www/html/test_xdebug_web.php
No syntax errors detected in /var/www/html/test_snmp_functions.php
No syntax errors detected in /var/www/html/optimized_performance.php
No syntax errors detected in /var/www/html/reset_credentials.php
No syntax errors detected in /var/www/html/debug_system.php
No syntax errors detected in /var/www/html/system_health_checker.php
No syntax errors detected in /var/www/html/index.php
No syntax errors detected in /var/www/html/setup_librenms.php
No syntax errors detected in /var/www/html/test_snmp_graphing_system.php
No syntax errors detected in /var/www/html/debug_optimization_tool.php
No syntax errors detected in /var/www/html/test_opcache_system.php
No syntax errors detected in /var/www/html/test_performance.php
No syntax errors detected in /var/www/html/config_optimized.php
No syntax errors detected in /var/www/html/config.example.php
No syntax errors detected in /var/www/html/librenms_status_report.php
No syntax errors detected in /var/www/html/test_suite.php
No syntax errors detected in /var/www/html/setup_access_level_tables.php
No syntax errors detected in /var/www/html/comprehensive_test.php
No syntax errors detected in /var/www/html/test_device_query.php
No syntax errors detected in /var/www/html/run_optimization.php
No syntax errors detected in /var/www/html/debug_cacti_integration.php
No syntax errors detected in /var/www/html/cron_poll_interfaces.php
No syntax errors detected in /var/www/html/test_mndp_enhanced.php
No syntax errors detected in /var/www/html/test_cacti_mock.php
No syntax errors detected in /var/www/html/create_snmp_graph_table.php
No syntax errors detected in /var/www/html/final_performance_test.php
No syntax errors detected in /var/www/html/test_simple_librenms.php
No syntax errors detected in /var/www/html/config.php
No syntax errors detected in /var/www/html/auth_status.php
No syntax errors detected in /var/www/html/restore_auth.php
No syntax errors detected in /var/www/html/fix_layout_system.php
No syntax errors detected in /var/www/html/test_opcache_detailed.php
No syntax errors detected in /var/www/html/admin_menu.php
No syntax errors detected in /var/www/html/snmp_analysis_report.php
No syntax errors detected in /var/www/html/test_web_query.php
No syntax errors detected in /var/www/html/test_snmp_mndp_system.php
No syntax errors detected in /var/www/html/test.php
No syntax errors detected in /var/www/html/setup_apache_slms.php
No syntax errors detected in /var/www/html/test_librenms_integration.php
No syntax errors detected in /var/www/html/simple_test.php
No syntax errors detected in /var/www/html/test_web.php
No syntax errors detected in /var/www/html/create_missing_snmp_tables.php
No syntax errors detected in /var/www/html/create_hierarchical_menu.php
No syntax errors detected in /var/www/html/enable_auth.php
